proguard/seeds.txt
com.ilsecondodasinistra.workitout.NotificationService
com.ilsecondodasinistra.workitout.NotificationService: NotificationService()
com.ilsecondodasinistra.workitout.R$attr: int actionBarDivider
com.ilsecondodasinistra.workitout.R$attr: int actionBarItemBackground
com.ilsecondodasinistra.workitout.R$attr: int actionBarSize
com.ilsecondodasinistra.workitout.R$attr: int actionBarSplitStyle
com.ilsecondodasinistra.workitout.R$attr: int actionBarStyle
com.ilsecondodasinistra.workitout.R$attr: int actionBarTabBarStyle
com.ilsecondodasinistra.workitout.R$attr: int actionBarTabStyle
com.ilsecondodasinistra.workitout.R$attr: int actionBarTabTextStyle
com.ilsecondodasinistra.workitout.R$attr: int actionBarWidgetTheme
com.ilsecondodasinistra.workitout.R$attr: int actionButtonStyle
com.ilsecondodasinistra.workitout.R$attr: int actionDropDownStyle
com.ilsecondodasinistra.workitout.R$attr: int actionMenuTextAppearance
com.ilsecondodasinistra.workitout.R$attr: int actionMenuTextColor
com.ilsecondodasinistra.workitout.R$attr: int actionModeBackground
com.ilsecondodasinistra.workitout.R$attr: int actionModeCloseButtonStyle
com.ilsecondodasinistra.workitout.R$attr: int actionModeCloseDrawable
com.ilsecondodasinistra.workitout.R$attr: int actionModePopupWindowStyle
com.ilsecondodasinistra.workitout.R$attr: int actionModeShareDrawable
com.ilsecondodasinistra.workitout.R$attr: int actionModeSplitBackground
com.ilsecondodasinistra.workitout.R$attr: int actionModeStyle
com.ilsecondodasinistra.workitout.R$attr: int actionOverflowButtonStyle
com.ilsecondodasinistra.workitout.R$attr: int actionSpinnerItemStyle
com.ilsecondodasinistra.workitout.R$bool: int abs__action_bar_embed_tabs
com.ilsecondodasinistra.workitout.R$bool: int abs__action_bar_expanded_action_views_exclusive
com.ilsecondodasinistra.workitout.R$bool: int abs__config_actionMenuItemAllCaps
com.ilsecondodasinistra.workitout.R$bool: int abs__config_allowActionMenuItemTextWithIcon
com.ilsecondodasinistra.workitout.R$bool: int abs__config_showMenuShortcutsWhenKeyboardPresent
com.ilsecondodasinistra.workitout.R$bool: int abs__split_action_bar_is_narrow
com.ilsecondodasinistra.workitout.R$bool: int ga_autoActivityTracking
com.ilsecondodasinistra.workitout.R$bool: int ga_reportUncaughtExceptions
com.ilsecondodasinistra.workitout.R$color: int abs__background_holo_dark
com.ilsecondodasinistra.workitout.R$color: int abs__background_holo_light
com.ilsecondodasinistra.workitout.R$color: int abs__bright_foreground_disabled_holo_dark
com.ilsecondodasinistra.workitout.R$color: int abs__bright_foreground_disabled_holo_light
com.ilsecondodasinistra.workitout.R$color: int abs__bright_foreground_holo_dark
com.ilsecondodasinistra.workitout.R$color: int abs__bright_foreground_holo_light
com.ilsecondodasinistra.workitout.R$color: int abs__bright_foreground_inverse_holo_dark
com.ilsecondodasinistra.workitout.R$color: int abs__bright_foreground_inverse_holo_light
com.ilsecondodasinistra.workitout.R$color: int abs__holo_blue_light
com.ilsecondodasinistra.workitout.R$color: int abs__primary_text_disable_only_holo_dark
com.ilsecondodasinistra.workitout.R$color: int abs__primary_text_disable_only_holo_light
com.ilsecondodasinistra.workitout.R$color: int abs__primary_text_holo_dark
com.ilsecondodasinistra.workitout.R$color: int abs__primary_text_holo_light
...
com.actionbarsherlock.app.SherlockExpandableListActivity: void setContentView(android.view.View)
com.actionbarsherlock.app.SherlockFragmentActivity: void setContentView(android.view.View)
com.actionbarsherlock.app.SherlockListActivity: void setContentView(android.view.View)
com.actionbarsherlock.app.SherlockPreferenceActivity: void setContentView(android.view.View)
com.actionbarsherlock.internal.nineoldandroids.view.NineViewGroup: NineViewGroup(android.content.Context)
com.actionbarsherlock.internal.nineoldandroids.view.NineViewGroup: NineViewGroup(android.content.Context,android.util.AttributeSet)
com.actionbarsherlock.internal.nineoldandroids.view.NineViewGroup: NineViewGroup(android.content.Context,android.util.AttributeSet,int)
com.actionbarsherlock.internal.nineoldandroids.view.NineViewGroup: void setVisibility(int)
com.actionbarsherlock.internal.nineoldandroids.view.NineViewGroup: float getAlpha()
com.actionbarsherlock.internal.nineoldandroids.view.NineViewGroup: void setAlpha(float)
com.actionbarsherlock.internal.nineoldandroids.view.NineViewGroup: float getTranslationX()
com.actionbarsherlock.internal.nineoldandroids.view.NineViewGroup: void setTranslationX(float)
com.actionbarsherlock.internal.nineoldandroids.view.NineViewGroup: float getTranslationY()
com.actionbarsherlock.internal.nineoldandroids.view.NineViewGroup: void setTranslationY(float)
com.actionbarsherlock.internal.nineoldandroids.widget.NineFrameLayout
com.actionbarsherlock.internal.nineoldandroids.widget.NineFrameLayout: NineFrameLayout(android.content.Context,android.util.AttributeSet)
com.actionbarsherlock.internal.nineoldandroids.widget.NineFrameLayout: void setVisibility(int)
com.actionbarsherlock.internal.nineoldandroids.widget.NineFrameLayout: float getAlpha()
com.actionbarsherlock.internal.nineoldandroids.widget.NineFrameLayout: void setAlpha(float)
com.actionbarsherlock.internal.nineoldandroids.widget.NineFrameLayout: float getTranslationY()
com.actionbarsherlock.internal.nineoldandroids.widget.NineFrameLayout: void setTranslationY(float)
com.actionbarsherlock.internal.nineoldandroids.widget.NineHorizontalScrollView: void setVisibility(int)
com.actionbarsherlock.internal.nineoldandroids.widget.NineHorizontalScrollView: float getAlpha()
com.actionbarsherlock.internal.nineoldandroids.widget.NineHorizontalScrollView: void setAlpha(float)
com.actionbarsherlock.internal.nineoldandroids.widget.NineLinearLayout
com.actionbarsherlock.internal.nineoldandroids.widget.NineLinearLayout: NineLinearLayout(android.content.Context,android.util.AttributeSet)
com.actionbarsherlock.internal.nineoldandroids.widget.NineLinearLayout: void setVisibility(int)
com.actionbarsherlock.internal.nineoldandroids.widget.NineLinearLayout: float getAlpha()
com.actionbarsherlock.internal.nineoldandroids.widget.NineLinearLayout: void setAlpha(float)
com.actionbarsherlock.internal.nineoldandroids.widget.NineLinearLayout: float getTranslationX()
com.actionbarsherlock.internal.nineoldandroids.widget.NineLinearLayout: void setTranslationX(float)