proguard/mapping.txt
com.ilsecondodasinistra.workitout.NotificationService -> com.ilsecondodasinistra.workitout.NotificationService:
    android.os.IBinder onBind(android.content.Intent) -> onBind
    int onStartCommand(android.content.Intent,int,int) -> onStartCommand
    void CancelAllNotifications(android.content.Context) -> a
com.ilsecondodasinistra.workitout.WorkItOutMain -> com.ilsecondodasinistra.workitout.WorkItOutMain:
    android.widget.TextView timeToLeave -> a
    android.widget.Button entranceButton -> b
    android.widget.Button lunchInButton -> c
    android.widget.Button lunchOutButton -> d
    android.widget.Button exitButton -> e
    android.widget.EditText entranceText -> f
    android.widget.EditText lunchInText -> g
    android.widget.EditText lunchOutText -> h
    android.widget.EditText exitText -> i
    java.util.Date entranceTime -> j
    java.util.Date lunchInTime -> k
    java.util.Date lunchOutTime -> l
    java.util.Date estimatedExitTime -> m
    java.text.SimpleDateFormat dateFormatter -> n
    void onCreate(android.os.Bundle) -> onCreate
    void onStart() -> onStart
    void onStop() -> onStop
    void clearAllInput() -> c
    boolean onCreateOptionsMenu(com.actionbarsherlock.view.Menu) -> a
    boolean onOptionsItemSelected(com.actionbarsherlock.view.MenuItem) -> a
    void onResume() -> onResume
    java.util.Date setActualTime(android.widget.TextView,java.util.Date) -> a
    void updateEstimatedTimeOfExit() -> d
    void setTextColor(android.widget.EditText,java.util.Date) -> a
    android.widget.EditText access$0(com.ilsecondodasinistra.workitout.WorkItOutMain) -> a
    java.util.Date access$1(com.ilsecondodasinistra.workitout.WorkItOutMain) -> b
com.ilsecondodasinistra.workitout.WorkItOutMain$1 -> com.ilsecondodasinistra.workitout.a:
    com.ilsecondodasinistra.workitout.WorkItOutMain this$0 -> a
    android.content.SharedPreferences val$settings -> b
    void onClick(android.view.View) -> onClick
com.ilsecondodasinistra.workitout.WorkItOutMain$2 -> com.ilsecondodasinistra.workitout.b:
    com.ilsecondodasinistra.workitout.WorkItOutMain this$0 -> a
    android.content.SharedPreferences val$settings -> b
    void onClick(android.view.View) -> onClick
com.ilsecondodasinistra.workitout.WorkItOutMain$3 -> com.ilsecondodasinistra.workitout.c:
    com.ilsecondodasinistra.workitout.WorkItOutMain this$0 -> a
    android.content.SharedPreferences val$settings -> b
    void onClick(android.view.View) -> onClick
com.ilsecondodasinistra.workitout.WorkItOutMain$4 -> com.ilsecondodasinistra.workitout.d:
    com.ilsecondodasinistra.workitout.WorkItOutMain this$0 -> a
    void onClick(android.view.View) -> onClick
...
com.actionbarsherlock.widget.SuggestionsAdapter -> com.actionbarsherlock.widget.d:
    android.app.SearchManager mSearchManager -> j
    com.actionbarsherlock.widget.SearchView mSearchView -> k
    android.content.Context mProviderContext -> l
    java.util.WeakHashMap mOutsideDrawablesCache -> m
    boolean mClosed -> n
    int mQueryRefinement -> o
    android.content.res.ColorStateList mUrlColor -> p
    int mText1Col -> q
    int mText2Col -> r
    int mText2UrlCol -> s
    int mIconName1Col -> t
    int mIconName2Col -> u
    int mFlagsCol -> v
    void setQueryRefinement(int) -> a
    boolean hasStableIds() -> hasStableIds
    android.database.Cursor runQueryOnBackgroundThread(java.lang.CharSequence) -> a
    android.database.Cursor getSuggestions(java.lang.String,int) -> a
    void notifyDataSetChanged() -> notifyDataSetChanged
    void notifyDataSetInvalidated() -> notifyDataSetInvalidated
    void updateSpinnerState(android.database.Cursor) -> d
    void changeCursor(android.database.Cursor) -> a
    android.view.View newView(android.content.Context,android.database.Cursor,android.view.ViewGroup) -> a
    void bindView(android.view.View,android.content.Context,android.database.Cursor) -> a
    void onClick(android.view.View) -> onClick
    java.lang.CharSequence formatUrl(java.lang.CharSequence) -> b
    void setViewText(android.widget.TextView,java.lang.CharSequence) -> a
    android.graphics.drawable.Drawable getIcon1(android.database.Cursor) -> e
com.actionbarsherlock.widget.SuggestionsAdapter$ChildViewCache -> com.actionbarsherlock.widget.e:
    android.widget.TextView mText1 -> a
    android.widget.TextView mText2 -> b
    android.widget.ImageView mIcon1 -> c
    android.widget.ImageView mIcon2 -> d
    android.widget.ImageView mIconRefine -> e
com.google.analytics.tracking.android.AdHitIdGenerator -> com.google.analytics.tracking.android.a:
    boolean mAdMobSdkInstalled -> a
    int getAdHitId() -> a
com.google.analytics.tracking.android.AdMobInfo -> com.google.analytics.tracking.android.b:
    com.google.analytics.tracking.android.AdMobInfo INSTANCE -> a
    int mAdHitId -> b
    java.util.Random mRandom -> c
    com.google.analytics.tracking.android.AdMobInfo getInstance() -> a
    int generateAdHitId() -> b
com.google.analytics.tracking.android.AnalyticsClient -> com.google.analytics.tracking.android.c:
    void sendHit(java.util.Map,long,java.lang.String,java.util.List) -> a
    void clearHits() -> a
    void connect() -> b
    void disconnect() -> c
com.google.analytics.tracking.android.AnalyticsGmsCoreClient -> com.google.analytics.tracking.android.AnalyticsGmsCoreClient:
    android.content.ServiceConnection mConnection -> a
    com.google.analytics.tracking.android.AnalyticsGmsCoreClient$OnConnectedListener mOnConnectedListener -> b
    com.google.analytics.tracking.android.AnalyticsGmsCoreClient$OnConnectionFailedListener mOnConnectionFailedListener -> c
    android.content.Context mContext -> d
    com.google.android.gms.analytics.internal.IAnalyticsService mService -> e
    void connect() -> b
    void disconnect() -> c
    void sendHit(java.util.Map,long,java.lang.String,java.util.List) -> a
    void clearHits() -> a
    com.google.android.gms.analytics.internal.IAnalyticsService getService() -> f
    void checkConnected() -> d
    boolean isConnected() -> e
    void onServiceBound() -> g
    void onConnectionSuccess() -> h
    com.google.android.gms.analytics.internal.IAnalyticsService access$002(com.google.analytics.tracking.android.AnalyticsGmsCoreClient,com.google.android.gms.analytics.internal.IAnalyticsService) -> a
    void access$100(com.google.analytics.tracking.android.AnalyticsGmsCoreClient) -> a
    android.content.Context access$200(com.google.analytics.tracking.android.AnalyticsGmsCoreClient) -> b
    android.content.ServiceConnection access$302(com.google.analytics.tracking.android.AnalyticsGmsCoreClient,android.content.ServiceConnection) -> a