proguard/usage.txt
com.ilsecondodasinistra.workitout.BuildConfig
com.ilsecondodasinistra.workitout.R
com.ilsecondodasinistra.workitout.R$attr
com.ilsecondodasinistra.workitout.R$bool
com.ilsecondodasinistra.workitout.R$color
com.ilsecondodasinistra.workitout.R$dimen
com.ilsecondodasinistra.workitout.R$drawable
com.ilsecondodasinistra.workitout.R$id
com.ilsecondodasinistra.workitout.R$integer
com.ilsecondodasinistra.workitout.R$layout
com.ilsecondodasinistra.workitout.R$menu
com.ilsecondodasinistra.workitout.R$string
com.ilsecondodasinistra.workitout.R$style
com.ilsecondodasinistra.workitout.R$styleable
com.ilsecondodasinistra.workitout.WorkItOutMain:
    private int hour
    private int minute
...
android.support.v4.view.accessibility.AccessibilityEventCompat$AccessibilityEventVersionImpl
android.support.v4.view.accessibility.AccessibilityEventCompatIcs
android.support.v4.view.accessibility.AccessibilityManagerCompat
android.support.v4.view.accessibility.AccessibilityManagerCompat$AccessibilityManagerIcsImpl
android.support.v4.view.accessibility.AccessibilityManagerCompat$AccessibilityManagerIcsImpl$1
android.support.v4.view.accessibility.AccessibilityManagerCompat$AccessibilityManagerStubImpl
android.support.v4.view.accessibility.AccessibilityManagerCompat$AccessibilityManagerVersionImpl
android.support.v4.view.accessibility.AccessibilityManagerCompat$AccessibilityStateChangeListenerCompat
android.support.v4.view.accessibility.AccessibilityManagerCompatIcs
android.support.v4.view.accessibility.AccessibilityManagerCompatIcs$1
android.support.v4.view.accessibility.AccessibilityManagerCompatIcs$AccessibilityStateChangeListenerBridge
android.support.v4.view.accessibility.AccessibilityNodeInfoCompat
android.support.v4.view.accessibility.AccessibilityNodeInfoCompat$AccessibilityNodeInfoIcsImpl
android.support.v4.view.accessibility.AccessibilityNodeInfoCompat$AccessibilityNodeInfoImpl
android.support.v4.view.accessibility.AccessibilityNodeInfoCompat$AccessibilityNodeInfoStubImpl
android.support.v4.view.accessibility.AccessibilityNodeInfoCompatIcs
android.support.v4.view.accessibility.AccessibilityRecordCompat
android.support.v4.view.accessibility.AccessibilityRecordCompat$AccessibilityRecordIcsImpl
android.support.v4.view.accessibility.AccessibilityRecordCompat$AccessibilityRecordImpl
android.support.v4.view.accessibility.AccessibilityRecordCompat$AccessibilityRecordStubImpl
android.support.v4.view.accessibility.AccessibilityRecordCompatIcs
android.support.v4.widget.CursorAdapter:
    public static final int FLAG_AUTO_REQUERY
    public static final int FLAG_REGISTER_CONTENT_OBSERVER
    121:123:public CursorAdapter(android.content.Context,android.database.Cursor)
    150:152:public CursorAdapter(android.content.Context,android.database.Cursor,int)
    160:161:protected void init(android.content.Context,android.database.Cursor,boolean)
    420:420:public android.widget.FilterQueryProvider getFilterQueryProvider()
    436:437:public void setFilterQueryProvider(android.widget.FilterQueryProvider)
android.support.v4.widget.EdgeEffectCompat:
    132:134:public EdgeEffectCompat(android.content.Context)
    204:204:public boolean onAbsorb(int)
android.support.v4.widget.EdgeEffectCompat$BaseEdgeEffectImpl:
    60:60:public java.lang.Object newEdgeEffect(android.content.Context)
    82:82:public boolean onAbsorb(java.lang.Object,int)
android.support.v4.widget.EdgeEffectCompat$EdgeEffectIcsImpl:
    92:92:public java.lang.Object newEdgeEffect(android.content.Context)
    116:116:public boolean onAbsorb(java.lang.Object,int)
android.support.v4.widget.EdgeEffectCompat$EdgeEffectImpl:
    public abstract java.lang.Object newEdgeEffect(android.content.Context)
    public abstract boolean onAbsorb(java.lang.Object,int)
android.support.v4.widget.EdgeEffectCompatIcs:
    28:28:EdgeEffectCompatIcs()
    30:30:public static java.lang.Object newEdgeEffect(android.content.Context)
    57:58:public static boolean onAbsorb(java.lang.Object,int)
android.support.v4.widget.ResourceCursorAdapter:
    54:57:public ResourceCursorAdapter(android.content.Context,int,android.database.Cursor)
    93:96:public ResourceCursorAdapter(android.content.Context,int,android.database.Cursor,int)
    120:121:public void setViewResource(int)
    129:130:public void setDropDownViewResource(int)
android.support.v4.widget.SearchViewCompat
android.support.v4.widget.SearchViewCompat$OnQueryTextListenerCompat
android.support.v4.widget.SearchViewCompat$SearchViewCompatHoneycombImpl
android.support.v4.widget.SearchViewCompat$SearchViewCompatHoneycombImpl$1
android.support.v4.widget.SearchViewCompat$SearchViewCompatImpl